<?xml version="1.0" encoding="utf-8"?><testsuites name="pytest tests"><testsuite name="pytest" errors="0" failures="0" skipped="0" tests="0" time="0.490" timestamp="2025-08-29T16:33:57.377136+02:00" hostname="IFL-NB-80" /></testsuites>
