<?xml version="1.0" encoding="utf-8"?><testsuites name="pytest tests"><testsuite name="pytest" errors="0" failures="0" skipped="8" tests="112" time="16.619" timestamp="2025-08-28T22:45:12.261820+02:00" hostname="IFL-NB-80"><properties><property name="hypothesis-statistics-tests/optional/test_property_based.py::TestPropertyBasedValidation::test_token_creation_always_valid" value="dGVzdHMvb3B0aW9uYWwvdGVzdF9wcm9wZXJ0eV9iYXNlZC5weTo6VGVzdFByb3BlcnR5QmFzZWRWYWxpZGF0aW9uOjp0ZXN0X3Rva2VuX2NyZWF0aW9uX2Fsd2F5c192YWxpZDoKCiAgLSBkdXJpbmcgZ2VuZXJhdGUgcGhhc2UgKDEuNDMgc2Vjb25kcyk6CiAgICAtIFR5cGljYWwgcnVudGltZXM6IH4gMS00IG1zLCBvZiB3aGljaCB+IDAtMiBtcyBpbiBkYXRhIGdlbmVyYXRpb24KICAgIC0gNTAgcGFzc2luZyBleGFtcGxlcywgMCBmYWlsaW5nIGV4YW1wbGVzLCAwIGludmFsaWQgZXhhbXBsZXMKCiAgLSBTdG9wcGVkIGJlY2F1c2Ugc2V0dGluZ3MubWF4X2V4YW1wbGVzPTUw" /><property name="hypothesis-statistics-tests/optional/test_property_based.py::TestPropertyBasedValidation::test_token_invalid_idx_always_fails" value="dGVzdHMvb3B0aW9uYWwvdGVzdF9wcm9wZXJ0eV9iYXNlZC5weTo6VGVzdFByb3BlcnR5QmFzZWRWYWxpZGF0aW9uOjp0ZXN0X3Rva2VuX2ludmFsaWRfaWR4X2Fsd2F5c19mYWlsczoKCiAgLSBkdXJpbmcgZ2VuZXJhdGUgcGhhc2UgKDAuMzUgc2Vjb25kcyk6CiAgICAtIFR5cGljYWwgcnVudGltZXM6IH4gMC00IG1zLCBvZiB3aGljaCA8IDFtcyBpbiBkYXRhIGdlbmVyYXRpb24KICAgIC0gMTAwIHBhc3NpbmcgZXhhbXBsZXMsIDAgZmFpbGluZyBleGFtcGxlcywgMCBpbnZhbGlkIGV4YW1wbGVzCgogIC0gU3RvcHBlZCBiZWNhdXNlIHNldHRpbmdzLm1heF9leGFtcGxlcz0xMDA=" /><property name="hypothesis-statistics-tests/optional/test_property_based.py::TestPropertyBasedValidation::test_token_empty_text_always_fails" value="dGVzdHMvb3B0aW9uYWwvdGVzdF9wcm9wZXJ0eV9iYXNlZC5weTo6VGVzdFByb3BlcnR5QmFzZWRWYWxpZGF0aW9uOjp0ZXN0X3Rva2VuX2VtcHR5X3RleHRfYWx3YXlzX2ZhaWxzOgoKICAtIGR1cmluZyBnZW5lcmF0ZSBwaGFzZSAoMC4wMCBzZWNvbmRzKToKICAgIC0gVHlwaWNhbCBydW50aW1lczogfiAxbXMsIG9mIHdoaWNoIDwgMW1zIGluIGRhdGEgZ2VuZXJhdGlvbgogICAgLSAxIHBhc3NpbmcgZXhhbXBsZXMsIDAgZmFpbGluZyBleGFtcGxlcywgMCBpbnZhbGlkIGV4YW1wbGVzCgogIC0gU3RvcHBlZCBiZWNhdXNlIG5vdGhpbmcgbGVmdCB0byBkbw==" /><property name="hypothesis-statistics-tests/optional/test_property_based.py::TestPropertyBasedValidation::test_phrase_creation_always_valid" value="dGVzdHMvb3B0aW9uYWwvdGVzdF9wcm9wZXJ0eV9iYXNlZC5weTo6VGVzdFByb3BlcnR5QmFzZWRWYWxpZGF0aW9uOjp0ZXN0X3BocmFzZV9jcmVhdGlvbl9hbHdheXNfdmFsaWQ6CgogIC0gZHVyaW5nIGdlbmVyYXRlIHBoYXNlICgwLjIwIHNlY29uZHMpOgogICAgLSBUeXBpY2FsIHJ1bnRpbWVzOiB+IDEtNyBtcywgb2Ygd2hpY2ggfiAxLTUgbXMgaW4gZGF0YSBnZW5lcmF0aW9uCiAgICAtIDUwIHBhc3NpbmcgZXhhbXBsZXMsIDAgZmFpbGluZyBleGFtcGxlcywgMCBpbnZhbGlkIGV4YW1wbGVzCgogIC0gU3RvcHBlZCBiZWNhdXNlIHNldHRpbmdzLm1heF9leGFtcGxlcz01MA==" /><property name="hypothesis-statistics-tests/optional/test_property_based.py::TestPropertyBasedValidation::test_phrase_invalid_indices_always_fail" value="dGVzdHMvb3B0aW9uYWwvdGVzdF9wcm9wZXJ0eV9iYXNlZC5weTo6VGVzdFByb3BlcnR5QmFzZWRWYWxpZGF0aW9uOjp0ZXN0X3BocmFzZV9pbnZhbGlkX2luZGljZXNfYWx3YXlzX2ZhaWw6CgogIC0gZHVyaW5nIGdlbmVyYXRlIHBoYXNlICgwLjI3IHNlY29uZHMpOgogICAgLSBUeXBpY2FsIHJ1bnRpbWVzOiB+IDAtMiBtcywgb2Ygd2hpY2ggPCAxbXMgaW4gZGF0YSBnZW5lcmF0aW9uCiAgICAtIDEwMCBwYXNzaW5nIGV4YW1wbGVzLCAwIGZhaWxpbmcgZXhhbXBsZXMsIDAgaW52YWxpZCBleGFtcGxlcwoKICAtIFN0b3BwZWQgYmVjYXVzZSBzZXR0aW5ncy5tYXhfZXhhbXBsZXM9MTAw" /><property name="hypothesis-statistics-tests/optional/test_property_based.py::TestPropertyBasedValidation::test_sentence_context_creation_always_valid" value="dGVzdHMvb3B0aW9uYWwvdGVzdF9wcm9wZXJ0eV9iYXNlZC5weTo6VGVzdFByb3BlcnR5QmFzZWRWYWxpZGF0aW9uOjp0ZXN0X3NlbnRlbmNlX2NvbnRleHRfY3JlYXRpb25fYWx3YXlzX3ZhbGlkOgoKICAtIGR1cmluZyBnZW5lcmF0ZSBwaGFzZSAoMC4yMCBzZWNvbmRzKToKICAgIC0gVHlwaWNhbCBydW50aW1lczogfiAxLTEzIG1zLCBvZiB3aGljaCB+IDEtMTEgbXMgaW4gZGF0YSBnZW5lcmF0aW9uCiAgICAtIDMwIHBhc3NpbmcgZXhhbXBsZXMsIDAgZmFpbGluZyBleGFtcGxlcywgMCBpbnZhbGlkIGV4YW1wbGVzCgogIC0gU3RvcHBlZCBiZWNhdXNlIHNldHRpbmdzLm1heF9leGFtcGxlcz0zMA==" /><property name="hypothesis-statistics-tests/optional/test_property_based.py::TestPropertyBasedValidation::test_sentence_context_invalid_sentence_num_always_fails" value="dGVzdHMvb3B0aW9uYWwvdGVzdF9wcm9wZXJ0eV9iYXNlZC5weTo6VGVzdFByb3BlcnR5QmFzZWRWYWxpZGF0aW9uOjp0ZXN0X3NlbnRlbmNlX2NvbnRleHRfaW52YWxpZF9zZW50ZW5jZV9udW1fYWx3YXlzX2ZhaWxzOgoKICAtIGR1cmluZyBnZW5lcmF0ZSBwaGFzZSAoMC4xNyBzZWNvbmRzKToKICAgIC0gVHlwaWNhbCBydW50aW1lczogfiAwLTMgbXMsIG9mIHdoaWNoIDwgMW1zIGluIGRhdGEgZ2VuZXJhdGlvbgogICAgLSAxMDAgcGFzc2luZyBleGFtcGxlcywgMCBmYWlsaW5nIGV4YW1wbGVzLCAwIGludmFsaWQgZXhhbXBsZXMKCiAgLSBTdG9wcGVkIGJlY2F1c2Ugc2V0dGluZ3MubWF4X2V4YW1wbGVzPTEwMA==" /><property name="hypothesis-statistics-tests/optional/test_property_based.py::TestPropertyBasedEdgeCases::test_whitespace_only_text_handling" value="dGVzdHMvb3B0aW9uYWwvdGVzdF9wcm9wZXJ0eV9iYXNlZC5weTo6VGVzdFByb3BlcnR5QmFzZWRFZGdlQ2FzZXM6OnRlc3Rfd2hpdGVzcGFjZV9vbmx5X3RleHRfaGFuZGxpbmc6CgogIC0gZHVyaW5nIGdlbmVyYXRlIHBoYXNlICgwLjIwIHNlY29uZHMpOgogICAgLSBUeXBpY2FsIHJ1bnRpbWVzOiB+IDAtMyBtcywgb2Ygd2hpY2ggPCAxbXMgaW4gZGF0YSBnZW5lcmF0aW9uCiAgICAtIDEwMCBwYXNzaW5nIGV4YW1wbGVzLCAwIGZhaWxpbmcgZXhhbXBsZXMsIDAgaW52YWxpZCBleGFtcGxlcwoKICAtIFN0b3BwZWQgYmVjYXVzZSBzZXR0aW5ncy5tYXhfZXhhbXBsZXM9MTAw" /><property name="hypothesis-statistics-tests/optional/test_property_based.py::TestPropertyBasedEdgeCases::test_large_indices_handling" value="dGVzdHMvb3B0aW9uYWwvdGVzdF9wcm9wZXJ0eV9iYXNlZC5weTo6VGVzdFByb3BlcnR5QmFzZWRFZGdlQ2FzZXM6OnRlc3RfbGFyZ2VfaW5kaWNlc19oYW5kbGluZzoKCiAgLSBkdXJpbmcgZ2VuZXJhdGUgcGhhc2UgKDAuMjMgc2Vjb25kcyk6CiAgICAtIFR5cGljYWwgcnVudGltZXM6IH4gMC0zIG1zLCBvZiB3aGljaCA8IDFtcyBpbiBkYXRhIGdlbmVyYXRpb24KICAgIC0gMTAwIHBhc3NpbmcgZXhhbXBsZXMsIDAgZmFpbGluZyBleGFtcGxlcywgMCBpbnZhbGlkIGV4YW1wbGVzCgogIC0gU3RvcHBlZCBiZWNhdXNlIHNldHRpbmdzLm1heF9leGFtcGxlcz0xMDA=" /><property name="hypothesis-statistics-tests/optional/test_property_based.py::TestPropertyBasedEdgeCases::test_special_characters_in_text" value="dGVzdHMvb3B0aW9uYWwvdGVzdF9wcm9wZXJ0eV9iYXNlZC5weTo6VGVzdFByb3BlcnR5QmFzZWRFZGdlQ2FzZXM6OnRlc3Rfc3BlY2lhbF9jaGFyYWN0ZXJzX2luX3RleHQ6CgogIC0gZHVyaW5nIGdlbmVyYXRlIHBoYXNlICgwLjE5IHNlY29uZHMpOgogICAgLSBUeXBpY2FsIHJ1bnRpbWVzOiB+IDAtMiBtcywgb2Ygd2hpY2ggPCAxbXMgaW4gZGF0YSBnZW5lcmF0aW9uCiAgICAtIDEwMCBwYXNzaW5nIGV4YW1wbGVzLCAwIGZhaWxpbmcgZXhhbXBsZXMsIDAgaW52YWxpZCBleGFtcGxlcwoKICAtIFN0b3BwZWQgYmVjYXVzZSBzZXR0aW5ncy5tYXhfZXhhbXBsZXM9MTAw" /><property name="hypothesis-statistics-tests/optional/test_property_based.py::TestPropertyBasedEdgeCases::test_token_sequence_properties" value="dGVzdHMvb3B0aW9uYWwvdGVzdF9wcm9wZXJ0eV9iYXNlZC5weTo6VGVzdFByb3BlcnR5QmFzZWRFZGdlQ2FzZXM6OnRlc3RfdG9rZW5fc2VxdWVuY2VfcHJvcGVydGllczoKCiAgLSBkdXJpbmcgZ2VuZXJhdGUgcGhhc2UgKDAuMjcgc2Vjb25kcyk6CiAgICAtIFR5cGljYWwgcnVudGltZXM6IH4gMC0yIG1zLCBvZiB3aGljaCB+IDAtMSBtcyBpbiBkYXRhIGdlbmVyYXRpb24KICAgIC0gMTAwIHBhc3NpbmcgZXhhbXBsZXMsIDAgZmFpbGluZyBleGFtcGxlcywgMTkgaW52YWxpZCBleGFtcGxlcwoKICAtIFN0b3BwZWQgYmVjYXVzZSBzZXR0aW5ncy5tYXhfZXhhbXBsZXM9MTAw" /><property name="hypothesis-statistics-tests/optional/test_property_based.py::TestPropertyBasedInvariants::test_token_equality_invariants" value="dGVzdHMvb3B0aW9uYWwvdGVzdF9wcm9wZXJ0eV9iYXNlZC5weTo6VGVzdFByb3BlcnR5QmFzZWRJbnZhcmlhbnRzOjp0ZXN0X3Rva2VuX2VxdWFsaXR5X2ludmFyaWFudHM6CgogIC0gZHVyaW5nIGdlbmVyYXRlIHBoYXNlICgwLjExIHNlY29uZHMpOgogICAgLSBUeXBpY2FsIHJ1bnRpbWVzOiB+IDEtNiBtcywgb2Ygd2hpY2ggfiAxLTMgbXMgaW4gZGF0YSBnZW5lcmF0aW9uCiAgICAtIDMwIHBhc3NpbmcgZXhhbXBsZXMsIDAgZmFpbGluZyBleGFtcGxlcywgMCBpbnZhbGlkIGV4YW1wbGVzCgogIC0gU3RvcHBlZCBiZWNhdXNlIHNldHRpbmdzLm1heF9leGFtcGxlcz0zMA==" /><property name="hypothesis-statistics-tests/optional/test_property_based.py::TestPropertyBasedInvariants::test_phrase_span_invariants" value="dGVzdHMvb3B0aW9uYWwvdGVzdF9wcm9wZXJ0eV9iYXNlZC5weTo6VGVzdFByb3BlcnR5QmFzZWRJbnZhcmlhbnRzOjp0ZXN0X3BocmFzZV9zcGFuX2ludmFyaWFudHM6CgogIC0gZHVyaW5nIGdlbmVyYXRlIHBoYXNlICgwLjExIHNlY29uZHMpOgogICAgLSBUeXBpY2FsIHJ1bnRpbWVzOiB+IDEtNiBtcywgb2Ygd2hpY2ggfiAwLTQgbXMgaW4gZGF0YSBnZW5lcmF0aW9uCiAgICAtIDMwIHBhc3NpbmcgZXhhbXBsZXMsIDAgZmFpbGluZyBleGFtcGxlcywgMCBpbnZhbGlkIGV4YW1wbGVzCgogIC0gU3RvcHBlZCBiZWNhdXNlIHNldHRpbmdzLm1heF9leGFtcGxlcz0zMA==" /><property name="hypothesis-statistics-tests/optional/test_property_based.py::TestPropertyBasedInvariants::test_sentence_context_invariants" value="dGVzdHMvb3B0aW9uYWwvdGVzdF9wcm9wZXJ0eV9iYXNlZC5weTo6VGVzdFByb3BlcnR5QmFzZWRJbnZhcmlhbnRzOjp0ZXN0X3NlbnRlbmNlX2NvbnRleHRfaW52YXJpYW50czoKCiAgLSBkdXJpbmcgZ2VuZXJhdGUgcGhhc2UgKDAuMTEgc2Vjb25kcyk6CiAgICAtIFR5cGljYWwgcnVudGltZXM6IH4gMS04IG1zLCBvZiB3aGljaCB+IDAtNiBtcyBpbiBkYXRhIGdlbmVyYXRpb24KICAgIC0gMjAgcGFzc2luZyBleGFtcGxlcywgMCBmYWlsaW5nIGV4YW1wbGVzLCAwIGludmFsaWQgZXhhbXBsZXMKCiAgLSBTdG9wcGVkIGJlY2F1c2Ugc2V0dGluZ3MubWF4X2V4YW1wbGVzPTIw" /><property name="hypothesis-statistics-tests/optional/test_property_based.py::TestPropertyBasedPerformance::test_token_creation_performance_scales_linearly" value="dGVzdHMvb3B0aW9uYWwvdGVzdF9wcm9wZXJ0eV9iYXNlZC5weTo6VGVzdFByb3BlcnR5QmFzZWRQZXJmb3JtYW5jZTo6dGVzdF90b2tlbl9jcmVhdGlvbl9wZXJmb3JtYW5jZV9zY2FsZXNfbGluZWFybHk6CgogIC0gZHVyaW5nIGdlbmVyYXRlIHBoYXNlICgwLjA5IHNlY29uZHMpOgogICAgLSBUeXBpY2FsIHJ1bnRpbWVzOiB+IDEtMjggbXMsIG9mIHdoaWNoIH4gMC0yNSBtcyBpbiBkYXRhIGdlbmVyYXRpb24KICAgIC0gMTAgcGFzc2luZyBleGFtcGxlcywgMCBmYWlsaW5nIGV4YW1wbGVzLCAxIGludmFsaWQgZXhhbXBsZXMKCiAgLSBTdG9wcGVkIGJlY2F1c2Ugc2V0dGluZ3MubWF4X2V4YW1wbGVzPTEw" /></properties><testcase classname="tests.integration.test_format_processing.TestFormatProcessing" name="test_format_detection_and_processing[standard]" time="0.007"><skipped type="pytest.skip" message="Test file C:\GitHub\clausemate\tests\fixtures\sample_tsvs\standard_15col.tsv not found">C:\GitHub\clausemate\tests\integration\test_format_processing.py:29: Test file C:\GitHub\clausemate\tests\fixtures\sample_tsvs\standard_15col.tsv not found</skipped></testcase><testcase classname="tests.integration.test_format_processing.TestFormatProcessing" name="test_format_detection_and_processing[extended]" time="0.003"><skipped type="pytest.skip" message="Test file C:\GitHub\clausemate\tests\fixtures\sample_tsvs\extended_37col.tsv not found">C:\GitHub\clausemate\tests\integration\test_format_processing.py:29: Test file C:\GitHub\clausemate\tests\fixtures\sample_tsvs\extended_37col.tsv not found</skipped></testcase><testcase classname="tests.integration.test_format_processing.TestFormatProcessing" name="test_format_detection_and_processing[legacy]" time="0.001"><skipped type="pytest.skip" message="Test file C:\GitHub\clausemate\tests\fixtures\sample_tsvs\legacy_14col.tsv not found">C:\GitHub\clausemate\tests\integration\test_format_processing.py:29: Test file C:\GitHub\clausemate\tests\fixtures\sample_tsvs\legacy_14col.tsv not found</skipped></testcase><testcase classname="tests.integration.test_format_processing.TestFormatProcessing" name="test_format_detection_and_processing[incomplete]" time="0.001"><skipped type="pytest.skip" message="Test file C:\GitHub\clausemate\tests\fixtures\sample_tsvs\incomplete_12col.tsv not found">C:\GitHub\clausemate\tests\integration\test_format_processing.py:29: Test file C:\GitHub\clausemate\tests\fixtures\sample_tsvs\incomplete_12col.tsv not found</skipped></testcase><testcase classname="tests.integration.test_format_processing.TestFormatProcessing" name="test_end_to_end_processing" time="0.002"><skipped type="pytest.skip" message="All test files failed to process: {'standard': {'success': False, 'relationships_count': 0, 'processing_time': 0, 'error': 'File not found: C:\\GitHub\\clausemate\\tests\\fixtures\\sample_tsvs\\standard_15col.tsv'}, 'extended': {'success': False, 'relationships_count': 0, 'processing_time': 0, 'error': 'File not found: C:\\GitHub\\clausemate\\tests\\fixtures\\sample_tsvs\\extended_37col.tsv'}, 'legacy': {'success': False, 'relationships_count': 0, 'processing_time': 0, 'error': 'File not found: C:\\GitHub\\clausemate\\tests\\fixtures\\sample_tsvs\\legacy_14col.tsv'}, 'incomplete': {'success': False, 'relationships_count': 0, 'processing_time': 0, 'error': 'File not found: C:\\GitHub\\clausemate\\tests\\fixtures\\sample_tsvs\\incomplete_12col.tsv'}}">C:\GitHub\clausemate\tests\integration\test_format_processing.py:105: All test files failed to process: {'standard': {'success': False, 'relationships_count': 0, 'processing_time': 0, 'error': 'File not found: C:\\GitHub\\clausemate\\tests\\fixtures\\sample_tsvs\\standard_15col.tsv'}, 'extended': {'success': False, 'relationships_count': 0, 'processing_time': 0, 'error': 'File not found: C:\\GitHub\\clausemate\\tests\\fixtures\\sample_tsvs\\extended_37col.tsv'}, 'legacy': {'success': False, 'relationships_count': 0, 'processing_time': 0, 'error': 'File not found: C:\\GitHub\\clausemate\\tests\\fixtures\\sample_tsvs\\legacy_14col.tsv'}, 'incomplete': {'success': False, 'relationships_count': 0, 'processing_time': 0, 'error': 'File not found: C:\\GitHub\\clausemate\\tests\\fixtures\\sample_tsvs\\incomplete_12col.tsv'}}</skipped></testcase><testcase classname="tests.integration.test_format_processing.TestFormatProcessing" name="test_adaptive_parsing_fallback" time="0.033" /><testcase classname="tests.integration.test_format_processing.TestFormatProcessing" name="test_statistics_tracking" time="0.005"><skipped type="pytest.skip" message="No valid test files available">C:\GitHub\clausemate\tests\integration\test_format_processing.py:146: No valid test files available</skipped></testcase><testcase classname="tests.integration.test_format_processing.TestFormatProcessing" name="test_export_functionality" time="0.006"><skipped type="pytest.skip" message="No valid test files available">C:\GitHub\clausemate\tests\integration\test_format_processing.py:180: No valid test files available</skipped></testcase><testcase classname="tests.integration.test_format_processing.TestErrorHandling" name="test_nonexistent_file" time="0.005" /><testcase classname="tests.integration.test_format_processing.TestErrorHandling" name="test_empty_file" time="0.008" /><testcase classname="tests.integration.test_format_processing.TestErrorHandling" name="test_invalid_tsv_format" time="0.020" /><testcase classname="tests.integration.test_format_processing.TestErrorHandling" name="test_export_to_readonly_location" time="0.009" /><testcase classname="tests.integration.test_format_processing.TestPerformanceBaseline" name="test_processing_performance" time="0.013" /><testcase classname="tests.integration.test_format_processing.TestPerformanceBaseline" name="test_memory_usage_baseline" time="0.010" /><testcase classname="tests.integration.test_format_processing.TestRegressionBaseline" name="test_relationship_extraction_consistency" time="0.006" /><testcase classname="tests.integration.test_format_processing.TestRegressionBaseline" name="test_output_format_consistency" time="0.014" /><testcase classname="tests.optional.test_benchmark.TestBenchmark" name="test_benchmark_imports" time="0.004" /><testcase classname="tests.optional.test_benchmark.TestBenchmark" name="test_benchmark_has_expected_functions" time="0.003" /><testcase classname="tests.optional.test_benchmark.TestBenchmark" name="test_benchmark_execution" time="0.006" /><testcase classname="tests.optional.test_property_based.TestPropertyBasedValidation" name="test_token_creation_always_valid" time="1.442" /><testcase classname="tests.optional.test_property_based.TestPropertyBasedValidation" name="test_token_invalid_idx_always_fails" time="0.355" /><testcase classname="tests.optional.test_property_based.TestPropertyBasedValidation" name="test_token_empty_text_always_fails" time="5.870" /><testcase classname="tests.optional.test_property_based.TestPropertyBasedValidation" name="test_phrase_creation_always_valid" time="0.211" /><testcase classname="tests.optional.test_property_based.TestPropertyBasedValidation" name="test_phrase_invalid_indices_always_fail" time="0.276" /><testcase classname="tests.optional.test_property_based.TestPropertyBasedValidation" name="test_sentence_context_creation_always_valid" time="0.207" /><testcase classname="tests.optional.test_property_based.TestPropertyBasedValidation" name="test_sentence_context_invalid_sentence_num_always_fails" time="0.179" /><testcase classname="tests.optional.test_property_based.TestPropertyBasedEdgeCases" name="test_whitespace_only_text_handling" time="0.213" /><testcase classname="tests.optional.test_property_based.TestPropertyBasedEdgeCases" name="test_large_indices_handling" time="0.242" /><testcase classname="tests.optional.test_property_based.TestPropertyBasedEdgeCases" name="test_special_characters_in_text" time="0.203" /><testcase classname="tests.optional.test_property_based.TestPropertyBasedEdgeCases" name="test_token_sequence_properties" time="0.277" /><testcase classname="tests.optional.test_property_based.TestPropertyBasedInvariants" name="test_token_equality_invariants" time="0.118" /><testcase classname="tests.optional.test_property_based.TestPropertyBasedInvariants" name="test_phrase_span_invariants" time="0.113" /><testcase classname="tests.optional.test_property_based.TestPropertyBasedInvariants" name="test_sentence_context_invariants" time="0.119" /><testcase classname="tests.optional.test_property_based.TestPropertyBasedPerformance" name="test_token_creation_performance_scales_linearly" time="0.093" /><testcase classname="tests.property.test_property_based_tests.TestPropertyBased" name="test_placeholder" time="0.002" /><testcase classname="tests.test_4tsv_processing" name="test_4tsv_format_detection" time="0.003" /><testcase classname="tests.test_4tsv_processing" name="test_incomplete_parser_direct" time="0.012" /><testcase classname="tests.test_4tsv_processing" name="test_main_analyzer" time="0.009" /><testcase classname="tests.test_adaptive_parser" name="test_file_parsing[data/input/gotofiles/2.tsv-Standard format (15 columns \u2192 448 relationships)]" time="0.009" /><testcase classname="tests.test_adaptive_parser" name="test_file_parsing[data/input/gotofiles/later/1.tsv-Extended format (37 columns \u2192 234 relationships)]" time="0.008" /><testcase classname="tests.test_adaptive_parser" name="test_file_parsing[data/input/gotofiles/later/3.tsv-Legacy format (14 columns \u2192 527 relationships)]" time="0.015" /><testcase classname="tests.test_adaptive_parser" name="test_file_parsing[data/input/gotofiles/later/4.tsv-Incomplete format (12 columns \u2192 695 relationships)]" time="0.012" /><testcase classname="tests.test_all_chapters" name="test_all_chapters" time="0.014" /><testcase classname="tests.test_benchmark.TestBenchmark" name="test_benchmark_imports" time="0.005" /><testcase classname="tests.test_benchmark.TestBenchmark" name="test_benchmark_has_expected_functions" time="0.004" /><testcase classname="tests.test_benchmark.TestBenchmark" name="test_benchmark_execution" time="0.002" /><testcase classname="tests.test_cross_chapter_visualization" name="test_visualization" time="0.006" /><testcase classname="tests.test_integrated_system" name="test_format_detection" time="0.012" /><testcase classname="tests.test_integrated_system" name="test_adaptive_analyzer" time="0.006" /><testcase classname="tests.test_integrated_system" name="test_legacy_fallback" time="0.004" /><testcase classname="tests.test_integrated_system" name="test_command_line_interface" time="0.939" /><testcase classname="tests.test_multi_file_processing" name="test_multi_file_processing" time="0.003" /><testcase classname="tests.test_phase2_components.TestModularComponents" name="test_analyzer_initialization" time="0.003" /><testcase classname="tests.test_phase2_components.TestModularComponents" name="test_analyzer_with_test_file" time="0.013" /><testcase classname="tests.test_phase2_components.TestModularComponents" name="test_coreference_id_extraction" time="0.002" /><testcase classname="tests.test_phase2_components.TestModularComponents" name="test_sentence_boundary_detection" time="0.003"><skipped type="pytest.skip" message="Test expects different boundary detection behavior - needs review">C:\GitHub\clausemate\tests\test_phase2_components.py:82: Test expects different boundary detection behavior - needs review</skipped></testcase><testcase classname="tests.test_phase2_components.TestModularComponents" name="test_streaming_parser_with_content" time="0.013" /><testcase classname="tests.test_phase2_components.TestModularComponents" name="test_token_creation" time="0.003" /><testcase classname="tests.test_phase2_components.TestModularComponents" name="test_token_validation" time="0.004" /><testcase classname="tests.test_phase2_components.TestDataModels" name="test_sentence_context_creation" time="0.001" /><testcase classname="tests.test_preamble_parser" name="test_preamble_parser" time="0.008" /><testcase classname="tests.test_schema_aware_parser" name="test_schema_aware_parsing" time="0.012" /><testcase classname="tests.test_verify_phase2.TestVerifyPhase2" name="test_verify_phase2_imports" time="0.003" /><testcase classname="tests.test_verify_phase2.TestVerifyPhase2" name="test_verify_phase2_has_main_function" time="0.004" /><testcase classname="tests.test_verify_phase2.TestVerifyPhase2" name="test_verification_process" time="0.002" /><testcase classname="tests.test_versioning.TestVersioning" name="test_versioning_imports" time="0.003" /><testcase classname="tests.test_versioning.TestVersioning" name="test_version_constants" time="0.004" /><testcase classname="tests.test_versioning.TestVersioning" name="test_versioning_functionality" time="0.006" /><testcase classname="tests.unit.test_data_models.TestToken" name="test_token_creation_valid" time="0.008" /><testcase classname="tests.unit.test_data_models.TestToken" name="test_token_validation_invalid_idx" time="0.003" /><testcase classname="tests.unit.test_data_models.TestToken" name="test_token_validation_negative_sentence_num" time="0.005" /><testcase classname="tests.unit.test_data_models.TestToken" name="test_token_validation_empty_text" time="0.004" /><testcase classname="tests.unit.test_data_models.TestToken" name="test_token_columns_initialization" time="0.004" /><testcase classname="tests.unit.test_data_models.TestPhrase" name="test_phrase_creation_valid" time="0.002" /><testcase classname="tests.unit.test_data_models.TestPhrase" name="test_phrase_validation_invalid_indices" time="0.007" /><testcase classname="tests.unit.test_data_models.TestPhrase" name="test_phrase_validation_zero_indices" time="0.005" /><testcase classname="tests.unit.test_data_models.TestPhrase" name="test_phrase_validation_empty_text" time="0.004" /><testcase classname="tests.unit.test_data_models.TestPhrase" name="test_phrase_validation_empty_coref_id" time="0.008" /><testcase classname="tests.unit.test_data_models.TestAntecedentInfo" name="test_antecedent_info_creation_valid" time="0.001" /><testcase classname="tests.unit.test_data_models.TestAntecedentInfo" name="test_antecedent_info_validation_negative_choice_count" time="0.004" /><testcase classname="tests.unit.test_data_models.TestSentenceContext" name="test_sentence_context_creation_valid" time="0.009" /><testcase classname="tests.unit.test_data_models.TestSentenceContext" name="test_sentence_context_validation_invalid_sentence_num" time="0.007" /><testcase classname="tests.unit.test_data_models.TestSentenceContext" name="test_sentence_context_validation_empty_sentence_id" time="0.002" /><testcase classname="tests.unit.test_data_models.TestSentenceContext" name="test_sentence_context_validation_no_tokens" time="0.008" /><testcase classname="tests.unit.test_data_models.TestClauseMateRelationship" name="test_relationship_creation_valid" time="0.002" /><testcase classname="tests.unit.test_data_models.TestClauseMateRelationship" name="test_relationship_validation_invalid_sentence_num" time="0.005" /><testcase classname="tests.unit.test_data_models.TestClauseMateRelationship" name="test_relationship_validation_invalid_clause_mates_count" time="0.005" /><testcase classname="tests.unit.test_data_models.TestClauseMateRelationship" name="test_relationship_validation_empty_sentence_id" time="0.003" /><testcase classname="tests.unit.test_data_models.TestClauseMateRelationship" name="test_relationship_to_dict_conversion" time="0.001" /><testcase classname="tests.unit.test_data_models.TestMockDataFactory" name="test_factory_creates_consistent_objects" time="0.003" /><testcase classname="tests.unit.test_data_models.TestMockDataFactory" name="test_factory_accepts_custom_parameters" time="0.002" /><testcase classname="tests.unit.test_data_models.TestMockDataFactory" name="test_factory_creates_valid_relationships" time="0.002" /><testcase classname="tests.unit.test_main_analyzer.TestClauseMateAnalyzer" name="test_analyzer_initialization_default" time="0.005" /><testcase classname="tests.unit.test_main_analyzer.TestClauseMateAnalyzer" name="test_analyzer_initialization_custom" time="0.002" /><testcase classname="tests.unit.test_main_analyzer.TestClauseMateAnalyzer" name="test_analyze_file_success" time="0.021" /><testcase classname="tests.unit.test_main_analyzer.TestClauseMateAnalyzer" name="test_analyze_file_streaming" time="0.010" /><testcase classname="tests.unit.test_main_analyzer.TestClauseMateAnalyzer" name="test_analyze_file_exception_handling" time="0.020" /><testcase classname="tests.unit.test_main_analyzer.TestClauseMateAnalyzer" name="test_analyze_complete_success" time="0.111" /><testcase classname="tests.unit.test_main_analyzer.TestClauseMateAnalyzer" name="test_extract_sentence_number_valid" time="0.004" /><testcase classname="tests.unit.test_main_analyzer.TestClauseMateAnalyzer" name="test_extract_sentence_number_no_match" time="0.004" /><testcase classname="tests.unit.test_main_analyzer.TestClauseMateAnalyzer" name="test_export_results_success" time="0.012" /><testcase classname="tests.unit.test_main_analyzer.TestClauseMateAnalyzer" name="test_export_results_empty_relationships" time="0.009" /><testcase classname="tests.unit.test_main_analyzer.TestClauseMateAnalyzer" name="test_export_results_exception_handling" time="0.011" /><testcase classname="tests.unit.test_main_analyzer.TestClauseMateAnalyzer" name="test_get_statistics" time="0.009" /><testcase classname="tests.unit.test_main_analyzer.TestClauseMateAnalyzer" name="test_detect_and_configure_format_success" time="0.010" /><testcase classname="tests.unit.test_main_analyzer.TestClauseMateAnalyzer" name="test_detect_and_configure_format_low_compatibility" time="0.011" /><testcase classname="tests.unit.test_main_analyzer.TestClauseMateAnalyzer" name="test_detect_and_configure_format_incomplete" time="0.018" /><testcase classname="tests.unit.test_main_analyzer.TestClauseMateAnalyzer" name="test_detect_and_configure_format_exception" time="0.013" /><testcase classname="tests.unit.test_main_analyzer.TestClauseMateAnalyzer" name="test_ensure_timestamped_output_path_new" time="0.008" /><testcase classname="tests.unit.test_main_analyzer.TestClauseMateAnalyzer" name="test_ensure_timestamped_output_path_existing" time="0.007" /><testcase classname="tests.unit.test_main_analyzer.TestAnalyzerIntegration" name="test_analyzer_with_mock_data" time="0.002" /><testcase classname="tests.unit.test_main_analyzer.TestAnalyzerIntegration" name="test_analyzer_statistics_tracking" time="0.014" /></testsuite></testsuites>
